2017-08-08 09:07:04.407  INFO 6728 --- [main] com.stanley.DemoApplication              : Starting DemoApplication on QH-20170313ATDG with PID 6728 (E:\workspace_idea\iot-platform\demo\target\classes started by Administrator in E:\workspace_idea\iot-platform)
2017-08-08 09:07:04.410  INFO 6728 --- [main] com.stanley.DemoApplication              : No active profile set, falling back to default profiles: default
2017-08-08 09:07:04.446  INFO 6728 --- [main] ationConfigEmbeddedWebApplicationContext : Refreshing org.springframework.boot.context.embedded.AnnotationConfigEmbeddedWebApplicationContext@25b485ba: startup date [Tue Aug 08 09:07:04 CST 2017]; root of context hierarchy
2017-08-08 09:07:07.334  INFO 6728 --- [main] s.b.c.e.t.TomcatEmbeddedServletContainer : Tomcat initialized with port(s): 9010 (http)
2017-08-08 09:07:07.341  INFO 6728 --- [main] o.apache.catalina.core.StandardService   : Starting service [Tomcat]
2017-08-08 09:07:07.341  INFO 6728 --- [main] org.apache.catalina.core.StandardEngine  : Starting Servlet Engine: Apache Tomcat/8.5.16
2017-08-08 09:07:07.396  INFO 6728 --- [localhost-startStop-1] o.a.c.c.C.[Tomcat].[localhost].[/]       : Initializing Spring embedded WebApplicationContext
2017-08-08 09:07:07.396  INFO 6728 --- [localhost-startStop-1] o.s.web.context.ContextLoader            : Root WebApplicationContext: initialization completed in 2954 ms
2017-08-08 09:07:07.475  INFO 6728 --- [localhost-startStop-1] o.s.b.w.servlet.ServletRegistrationBean  : Mapping servlet: 'dispatcherServlet' to [/]
2017-08-08 09:07:07.478  INFO 6728 --- [localhost-startStop-1] o.s.b.w.servlet.FilterRegistrationBean   : Mapping filter: 'characterEncodingFilter' to: [/*]
2017-08-08 09:07:07.478  INFO 6728 --- [localhost-startStop-1] o.s.b.w.servlet.FilterRegistrationBean   : Mapping filter: 'hiddenHttpMethodFilter' to: [/*]
2017-08-08 09:07:07.478  INFO 6728 --- [localhost-startStop-1] o.s.b.w.servlet.FilterRegistrationBean   : Mapping filter: 'httpPutFormContentFilter' to: [/*]
2017-08-08 09:07:07.478  INFO 6728 --- [localhost-startStop-1] o.s.b.w.servlet.FilterRegistrationBean   : Mapping filter: 'requestContextFilter' to: [/*]
2017-08-08 09:07:07.675  INFO 6728 --- [main] s.w.s.m.m.a.RequestMappingHandlerAdapter : Looking for @ControllerAdvice: org.springframework.boot.context.embedded.AnnotationConfigEmbeddedWebApplicationContext@25b485ba: startup date [Tue Aug 08 09:07:04 CST 2017]; root of context hierarchy
2017-08-08 09:07:07.704  INFO 6728 --- [main] s.w.s.m.m.a.RequestMappingHandlerMapping : Mapped "{[/demo]}" onto public java.lang.String com.stanley.DemoController.demo(java.lang.String)
2017-08-08 09:07:07.706  INFO 6728 --- [main] s.w.s.m.m.a.RequestMappingHandlerMapping : Mapped "{[/error]}" onto public org.springframework.http.ResponseEntity<java.util.Map<java.lang.String, java.lang.Object>> org.springframework.boot.autoconfigure.web.BasicErrorController.error(javax.servlet.http.HttpServletRequest)
2017-08-08 09:07:07.706  INFO 6728 --- [main] s.w.s.m.m.a.RequestMappingHandlerMapping : Mapped "{[/error],produces=[text/html]}" onto public org.springframework.web.servlet.ModelAndView org.springframework.boot.autoconfigure.web.BasicErrorController.errorHtml(javax.servlet.http.HttpServletRequest,javax.servlet.http.HttpServletResponse)
2017-08-08 09:07:07.719  INFO 6728 --- [main] o.s.w.s.handler.SimpleUrlHandlerMapping  : Mapped URL path [/webjars/**] onto handler of type [class org.springframework.web.servlet.resource.ResourceHttpRequestHandler]
2017-08-08 09:07:07.719  INFO 6728 --- [main] o.s.w.s.handler.SimpleUrlHandlerMapping  : Mapped URL path [/**] onto handler of type [class org.springframework.web.servlet.resource.ResourceHttpRequestHandler]
2017-08-08 09:07:07.735  INFO 6728 --- [main] o.s.w.s.handler.SimpleUrlHandlerMapping  : Mapped URL path [/**/favicon.ico] onto handler of type [class org.springframework.web.servlet.resource.ResourceHttpRequestHandler]
2017-08-08 09:07:07.802  INFO 6728 --- [main] o.s.j.e.a.AnnotationMBeanExporter        : Registering beans for JMX exposure on startup
2017-08-08 09:07:07.862  INFO 6728 --- [main] s.b.c.e.t.TomcatEmbeddedServletContainer : Tomcat started on port(s): 9010 (http)
2017-08-08 09:07:07.878  INFO 6728 --- [main] com.stanley.DemoApplication              : Started DemoApplication in 4.931 seconds (JVM running for 6.114)
2017-08-08 09:07:44.515  INFO 6728 --- [http-nio-9010-exec-1] o.a.c.c.C.[Tomcat].[localhost].[/]       : Initializing Spring FrameworkServlet 'dispatcherServlet'
2017-08-08 09:07:44.516  INFO 6728 --- [http-nio-9010-exec-1] o.s.web.servlet.DispatcherServlet        : FrameworkServlet 'dispatcherServlet': initialization started
2017-08-08 09:07:44.527  INFO 6728 --- [http-nio-9010-exec-1] o.s.web.servlet.DispatcherServlet        : FrameworkServlet 'dispatcherServlet': initialization completed in 11 ms
2017-08-08 09:46:01.432  INFO 7600 --- [main] com.stanley.DemoApplication              : Starting DemoApplication on QH-20170313ATDG with PID 7600 (E:\workspace_idea\iot-platform\demo\target\classes started by Administrator in E:\workspace_idea\iot-platform)
2017-08-08 09:46:01.432  INFO 7600 --- [main] com.stanley.DemoApplication              : No active profile set, falling back to default profiles: default
2017-08-08 09:46:01.459  INFO 7600 --- [main] ationConfigEmbeddedWebApplicationContext : Refreshing org.springframework.boot.context.embedded.AnnotationConfigEmbeddedWebApplicationContext@12d3a4e9: startup date [Tue Aug 08 09:46:01 CST 2017]; root of context hierarchy
2017-08-08 09:46:02.405  INFO 7600 --- [main] s.b.c.e.t.TomcatEmbeddedServletContainer : Tomcat initialized with port(s): 9010 (http)
2017-08-08 09:46:02.405  INFO 7600 --- [main] o.apache.catalina.core.StandardService   : Starting service [Tomcat]
2017-08-08 09:46:02.405  INFO 7600 --- [main] org.apache.catalina.core.StandardEngine  : Starting Servlet Engine: Apache Tomcat/8.5.16
2017-08-08 09:46:02.455  INFO 7600 --- [localhost-startStop-1] o.a.c.c.C.[Tomcat].[localhost].[/]       : Initializing Spring embedded WebApplicationContext
2017-08-08 09:46:02.455  INFO 7600 --- [localhost-startStop-1] o.s.web.context.ContextLoader            : Root WebApplicationContext: initialization completed in 997 ms
2017-08-08 09:46:02.537  INFO 7600 --- [localhost-startStop-1] o.s.b.w.servlet.ServletRegistrationBean  : Mapping servlet: 'dispatcherServlet' to [/]
2017-08-08 09:46:02.537  INFO 7600 --- [localhost-startStop-1] o.s.b.w.servlet.FilterRegistrationBean   : Mapping filter: 'characterEncodingFilter' to: [/*]
2017-08-08 09:46:02.537  INFO 7600 --- [localhost-startStop-1] o.s.b.w.servlet.FilterRegistrationBean   : Mapping filter: 'hiddenHttpMethodFilter' to: [/*]
2017-08-08 09:46:02.537  INFO 7600 --- [localhost-startStop-1] o.s.b.w.servlet.FilterRegistrationBean   : Mapping filter: 'httpPutFormContentFilter' to: [/*]
2017-08-08 09:46:02.553  INFO 7600 --- [localhost-startStop-1] o.s.b.w.servlet.FilterRegistrationBean   : Mapping filter: 'requestContextFilter' to: [/*]
2017-08-08 09:46:02.695  INFO 7600 --- [main] s.w.s.m.m.a.RequestMappingHandlerAdapter : Looking for @ControllerAdvice: org.springframework.boot.context.embedded.AnnotationConfigEmbeddedWebApplicationContext@12d3a4e9: startup date [Tue Aug 08 09:46:01 CST 2017]; root of context hierarchy
2017-08-08 09:46:02.726  INFO 7600 --- [main] s.w.s.m.m.a.RequestMappingHandlerMapping : Mapped "{[/demo]}" onto public java.lang.String com.stanley.DemoController.demo(java.lang.String)
2017-08-08 09:46:02.726  INFO 7600 --- [main] s.w.s.m.m.a.RequestMappingHandlerMapping : Mapped "{[/error]}" onto public org.springframework.http.ResponseEntity<java.util.Map<java.lang.String, java.lang.Object>> org.springframework.boot.autoconfigure.web.BasicErrorController.error(javax.servlet.http.HttpServletRequest)
2017-08-08 09:46:02.726  INFO 7600 --- [main] s.w.s.m.m.a.RequestMappingHandlerMapping : Mapped "{[/error],produces=[text/html]}" onto public org.springframework.web.servlet.ModelAndView org.springframework.boot.autoconfigure.web.BasicErrorController.errorHtml(javax.servlet.http.HttpServletRequest,javax.servlet.http.HttpServletResponse)
2017-08-08 09:46:02.742  INFO 7600 --- [main] o.s.w.s.handler.SimpleUrlHandlerMapping  : Mapped URL path [/webjars/**] onto handler of type [class org.springframework.web.servlet.resource.ResourceHttpRequestHandler]
2017-08-08 09:46:02.742  INFO 7600 --- [main] o.s.w.s.handler.SimpleUrlHandlerMapping  : Mapped URL path [/**] onto handler of type [class org.springframework.web.servlet.resource.ResourceHttpRequestHandler]
2017-08-08 09:46:02.757  INFO 7600 --- [main] o.s.w.s.handler.SimpleUrlHandlerMapping  : Mapped URL path [/**/favicon.ico] onto handler of type [class org.springframework.web.servlet.resource.ResourceHttpRequestHandler]
2017-08-08 09:46:02.829  INFO 7600 --- [main] o.s.j.e.a.AnnotationMBeanExporter        : Registering beans for JMX exposure on startup
2017-08-08 09:46:02.860  INFO 7600 --- [main] s.b.c.e.t.TomcatEmbeddedServletContainer : Tomcat started on port(s): 9010 (http)
2017-08-08 09:46:02.862  INFO 7600 --- [main] com.stanley.DemoApplication              : Started DemoApplication in 1.652 seconds (JVM running for 1.915)
2017-08-08 09:46:35.436  INFO 8508 --- [main] com.stanley.DemoApplicationTests         : Starting DemoApplicationTests on QH-20170313ATDG with PID 8508 (started by Administrator in E:\workspace_idea\iot-platform\demo)
2017-08-08 09:46:35.436  INFO 8508 --- [main] com.stanley.DemoApplicationTests         : No active profile set, falling back to default profiles: default
2017-08-08 09:46:35.483  INFO 8508 --- [main] o.s.w.c.s.GenericWebApplicationContext   : Refreshing org.springframework.web.context.support.GenericWebApplicationContext@20ccf40b: startup date [Tue Aug 08 09:46:35 CST 2017]; root of context hierarchy
2017-08-08 09:46:36.546  INFO 8508 --- [main] s.w.s.m.m.a.RequestMappingHandlerAdapter : Looking for @ControllerAdvice: org.springframework.web.context.support.GenericWebApplicationContext@20ccf40b: startup date [Tue Aug 08 09:46:35 CST 2017]; root of context hierarchy
2017-08-08 09:46:36.609  INFO 8508 --- [main] s.w.s.m.m.a.RequestMappingHandlerMapping : Mapped "{[/demo]}" onto public java.lang.String com.stanley.DemoController.demo(java.lang.String)
2017-08-08 09:46:36.609  INFO 8508 --- [main] s.w.s.m.m.a.RequestMappingHandlerMapping : Mapped "{[/error]}" onto public org.springframework.http.ResponseEntity<java.util.Map<java.lang.String, java.lang.Object>> org.springframework.boot.autoconfigure.web.BasicErrorController.error(javax.servlet.http.HttpServletRequest)
2017-08-08 09:46:36.609  INFO 8508 --- [main] s.w.s.m.m.a.RequestMappingHandlerMapping : Mapped "{[/error],produces=[text/html]}" onto public org.springframework.web.servlet.ModelAndView org.springframework.boot.autoconfigure.web.BasicErrorController.errorHtml(javax.servlet.http.HttpServletRequest,javax.servlet.http.HttpServletResponse)
2017-08-08 09:46:36.642  INFO 8508 --- [main] o.s.w.s.handler.SimpleUrlHandlerMapping  : Mapped URL path [/webjars/**] onto handler of type [class org.springframework.web.servlet.resource.ResourceHttpRequestHandler]
2017-08-08 09:46:36.643  INFO 8508 --- [main] o.s.w.s.handler.SimpleUrlHandlerMapping  : Mapped URL path [/**] onto handler of type [class org.springframework.web.servlet.resource.ResourceHttpRequestHandler]
2017-08-08 09:46:36.706  INFO 8508 --- [main] o.s.w.s.handler.SimpleUrlHandlerMapping  : Mapped URL path [/**/favicon.ico] onto handler of type [class org.springframework.web.servlet.resource.ResourceHttpRequestHandler]
2017-08-08 09:46:36.784  INFO 8508 --- [main] com.stanley.DemoApplicationTests         : Started DemoApplicationTests in 1.783 seconds (JVM running for 2.534)
2017-08-08 09:46:36.922  INFO 8508 --- [Thread-2] o.s.w.c.s.GenericWebApplicationContext   : Closing org.springframework.web.context.support.GenericWebApplicationContext@20ccf40b: startup date [Tue Aug 08 09:46:35 CST 2017]; root of context hierarchy
2017-08-08 09:46:48.742  INFO 8824 --- [main] com.stanley.DemoApplicationTests         : Starting DemoApplicationTests on QH-20170313ATDG with PID 8824 (started by Administrator in E:\workspace_idea\iot-platform\demo)
2017-08-08 09:46:48.743  INFO 8824 --- [main] com.stanley.DemoApplicationTests         : No active profile set, falling back to default profiles: default
2017-08-08 09:46:48.786  INFO 8824 --- [main] o.s.w.c.s.GenericWebApplicationContext   : Refreshing org.springframework.web.context.support.GenericWebApplicationContext@20ccf40b: startup date [Tue Aug 08 09:46:48 CST 2017]; root of context hierarchy
2017-08-08 09:46:50.115  INFO 8824 --- [main] s.w.s.m.m.a.RequestMappingHandlerAdapter : Looking for @ControllerAdvice: org.springframework.web.context.support.GenericWebApplicationContext@20ccf40b: startup date [Tue Aug 08 09:46:48 CST 2017]; root of context hierarchy
2017-08-08 09:46:50.178  INFO 8824 --- [main] s.w.s.m.m.a.RequestMappingHandlerMapping : Mapped "{[/demo]}" onto public java.lang.String com.stanley.DemoController.demo(java.lang.String)
2017-08-08 09:46:50.182  INFO 8824 --- [main] s.w.s.m.m.a.RequestMappingHandlerMapping : Mapped "{[/error]}" onto public org.springframework.http.ResponseEntity<java.util.Map<java.lang.String, java.lang.Object>> org.springframework.boot.autoconfigure.web.BasicErrorController.error(javax.servlet.http.HttpServletRequest)
2017-08-08 09:46:50.182  INFO 8824 --- [main] s.w.s.m.m.a.RequestMappingHandlerMapping : Mapped "{[/error],produces=[text/html]}" onto public org.springframework.web.servlet.ModelAndView org.springframework.boot.autoconfigure.web.BasicErrorController.errorHtml(javax.servlet.http.HttpServletRequest,javax.servlet.http.HttpServletResponse)
2017-08-08 09:46:50.205  INFO 8824 --- [main] o.s.w.s.handler.SimpleUrlHandlerMapping  : Mapped URL path [/webjars/**] onto handler of type [class org.springframework.web.servlet.resource.ResourceHttpRequestHandler]
2017-08-08 09:46:50.205  INFO 8824 --- [main] o.s.w.s.handler.SimpleUrlHandlerMapping  : Mapped URL path [/**] onto handler of type [class org.springframework.web.servlet.resource.ResourceHttpRequestHandler]
2017-08-08 09:46:50.260  INFO 8824 --- [main] o.s.w.s.handler.SimpleUrlHandlerMapping  : Mapped URL path [/**/favicon.ico] onto handler of type [class org.springframework.web.servlet.resource.ResourceHttpRequestHandler]
2017-08-08 09:46:50.383  INFO 8824 --- [main] com.stanley.DemoApplicationTests         : Started DemoApplicationTests in 2.015 seconds (JVM running for 2.533)
2017-08-08 09:46:50.442  INFO 8824 --- [Thread-2] o.s.w.c.s.GenericWebApplicationContext   : Closing org.springframework.web.context.support.GenericWebApplicationContext@20ccf40b: startup date [Tue Aug 08 09:46:48 CST 2017]; root of context hierarchy
2017-08-08 09:56:02.301  INFO 8060 --- [main] com.stanley.DemoServiceTest              : Starting DemoServiceTest on QH-20170313ATDG with PID 8060 (started by Administrator in E:\workspace_idea\iot-platform\demo)
2017-08-08 09:56:02.301  INFO 8060 --- [main] com.stanley.DemoServiceTest              : No active profile set, falling back to default profiles: default
2017-08-08 09:56:02.347  INFO 8060 --- [main] o.s.w.c.s.GenericWebApplicationContext   : Refreshing org.springframework.web.context.support.GenericWebApplicationContext@22ef9844: startup date [Tue Aug 08 09:56:02 CST 2017]; root of context hierarchy
2017-08-08 09:56:03.670  INFO 8060 --- [main] s.w.s.m.m.a.RequestMappingHandlerAdapter : Looking for @ControllerAdvice: org.springframework.web.context.support.GenericWebApplicationContext@22ef9844: startup date [Tue Aug 08 09:56:02 CST 2017]; root of context hierarchy
2017-08-08 09:56:03.718  INFO 8060 --- [main] s.w.s.m.m.a.RequestMappingHandlerMapping : Mapped "{[/demo]}" onto public java.lang.String com.stanley.DemoController.demo(java.lang.String)
2017-08-08 09:56:03.718  INFO 8060 --- [main] s.w.s.m.m.a.RequestMappingHandlerMapping : Mapped "{[/error]}" onto public org.springframework.http.ResponseEntity<java.util.Map<java.lang.String, java.lang.Object>> org.springframework.boot.autoconfigure.web.BasicErrorController.error(javax.servlet.http.HttpServletRequest)
2017-08-08 09:56:03.718  INFO 8060 --- [main] s.w.s.m.m.a.RequestMappingHandlerMapping : Mapped "{[/error],produces=[text/html]}" onto public org.springframework.web.servlet.ModelAndView org.springframework.boot.autoconfigure.web.BasicErrorController.errorHtml(javax.servlet.http.HttpServletRequest,javax.servlet.http.HttpServletResponse)
2017-08-08 09:56:03.747  INFO 8060 --- [main] o.s.w.s.handler.SimpleUrlHandlerMapping  : Mapped URL path [/webjars/**] onto handler of type [class org.springframework.web.servlet.resource.ResourceHttpRequestHandler]
2017-08-08 09:56:03.747  INFO 8060 --- [main] o.s.w.s.handler.SimpleUrlHandlerMapping  : Mapped URL path [/**] onto handler of type [class org.springframework.web.servlet.resource.ResourceHttpRequestHandler]
2017-08-08 09:56:03.778  INFO 8060 --- [main] o.s.w.s.handler.SimpleUrlHandlerMapping  : Mapped URL path [/**/favicon.ico] onto handler of type [class org.springframework.web.servlet.resource.ResourceHttpRequestHandler]
2017-08-08 09:56:03.897  INFO 8060 --- [main] com.stanley.DemoServiceTest              : Started DemoServiceTest in 1.904 seconds (JVM running for 2.433)
2017-08-08 09:56:03.932  INFO 8060 --- [Thread-2] o.s.w.c.s.GenericWebApplicationContext   : Closing org.springframework.web.context.support.GenericWebApplicationContext@22ef9844: startup date [Tue Aug 08 09:56:02 CST 2017]; root of context hierarchy
2017-08-08 09:56:31.710  INFO 7488 --- [main] com.stanley.DemoServiceTest              : Starting DemoServiceTest on QH-20170313ATDG with PID 7488 (started by Administrator in E:\workspace_idea\iot-platform\demo)
2017-08-08 09:56:31.710  INFO 7488 --- [main] com.stanley.DemoServiceTest              : No active profile set, falling back to default profiles: default
2017-08-08 09:56:31.779  INFO 7488 --- [main] o.s.w.c.s.GenericWebApplicationContext   : Refreshing org.springframework.web.context.support.GenericWebApplicationContext@22ef9844: startup date [Tue Aug 08 09:56:31 CST 2017]; root of context hierarchy
2017-08-08 09:56:33.063  INFO 7488 --- [main] s.w.s.m.m.a.RequestMappingHandlerAdapter : Looking for @ControllerAdvice: org.springframework.web.context.support.GenericWebApplicationContext@22ef9844: startup date [Tue Aug 08 09:56:31 CST 2017]; root of context hierarchy
2017-08-08 09:56:33.128  INFO 7488 --- [main] s.w.s.m.m.a.RequestMappingHandlerMapping : Mapped "{[/demo]}" onto public java.lang.String com.stanley.DemoController.demo(java.lang.String)
2017-08-08 09:56:33.128  INFO 7488 --- [main] s.w.s.m.m.a.RequestMappingHandlerMapping : Mapped "{[/error]}" onto public org.springframework.http.ResponseEntity<java.util.Map<java.lang.String, java.lang.Object>> org.springframework.boot.autoconfigure.web.BasicErrorController.error(javax.servlet.http.HttpServletRequest)
2017-08-08 09:56:33.128  INFO 7488 --- [main] s.w.s.m.m.a.RequestMappingHandlerMapping : Mapped "{[/error],produces=[text/html]}" onto public org.springframework.web.servlet.ModelAndView org.springframework.boot.autoconfigure.web.BasicErrorController.errorHtml(javax.servlet.http.HttpServletRequest,javax.servlet.http.HttpServletResponse)
2017-08-08 09:56:33.201  INFO 7488 --- [main] o.s.w.s.handler.SimpleUrlHandlerMapping  : Mapped URL path [/webjars/**] onto handler of type [class org.springframework.web.servlet.resource.ResourceHttpRequestHandler]
2017-08-08 09:56:33.201  INFO 7488 --- [main] o.s.w.s.handler.SimpleUrlHandlerMapping  : Mapped URL path [/**] onto handler of type [class org.springframework.web.servlet.resource.ResourceHttpRequestHandler]
2017-08-08 09:56:33.238  INFO 7488 --- [main] o.s.w.s.handler.SimpleUrlHandlerMapping  : Mapped URL path [/**/favicon.ico] onto handler of type [class org.springframework.web.servlet.resource.ResourceHttpRequestHandler]
2017-08-08 09:56:33.354  INFO 7488 --- [main] com.stanley.DemoServiceTest              : Started DemoServiceTest in 1.971 seconds (JVM running for 2.468)
2017-08-08 09:56:33.390  INFO 7488 --- [Thread-2] o.s.w.c.s.GenericWebApplicationContext   : Closing org.springframework.web.context.support.GenericWebApplicationContext@22ef9844: startup date [Tue Aug 08 09:56:31 CST 2017]; root of context hierarchy
2017-08-08 09:56:52.106  INFO 8484 --- [main] com.stanley.DemoServiceTest              : Starting DemoServiceTest on QH-20170313ATDG with PID 8484 (started by Administrator in E:\workspace_idea\iot-platform\demo)
2017-08-08 09:56:52.106  INFO 8484 --- [main] com.stanley.DemoServiceTest              : No active profile set, falling back to default profiles: default
2017-08-08 09:56:52.148  INFO 8484 --- [main] o.s.w.c.s.GenericWebApplicationContext   : Refreshing org.springframework.web.context.support.GenericWebApplicationContext@22ef9844: startup date [Tue Aug 08 09:56:52 CST 2017]; root of context hierarchy
2017-08-08 09:56:53.444  INFO 8484 --- [main] s.w.s.m.m.a.RequestMappingHandlerAdapter : Looking for @ControllerAdvice: org.springframework.web.context.support.GenericWebApplicationContext@22ef9844: startup date [Tue Aug 08 09:56:52 CST 2017]; root of context hierarchy
2017-08-08 09:56:53.509  INFO 8484 --- [main] s.w.s.m.m.a.RequestMappingHandlerMapping : Mapped "{[/demo]}" onto public java.lang.String com.stanley.DemoController.demo(java.lang.String)
2017-08-08 09:56:53.509  INFO 8484 --- [main] s.w.s.m.m.a.RequestMappingHandlerMapping : Mapped "{[/error]}" onto public org.springframework.http.ResponseEntity<java.util.Map<java.lang.String, java.lang.Object>> org.springframework.boot.autoconfigure.web.BasicErrorController.error(javax.servlet.http.HttpServletRequest)
2017-08-08 09:56:53.509  INFO 8484 --- [main] s.w.s.m.m.a.RequestMappingHandlerMapping : Mapped "{[/error],produces=[text/html]}" onto public org.springframework.web.servlet.ModelAndView org.springframework.boot.autoconfigure.web.BasicErrorController.errorHtml(javax.servlet.http.HttpServletRequest,javax.servlet.http.HttpServletResponse)
2017-08-08 09:56:53.540  INFO 8484 --- [main] o.s.w.s.handler.SimpleUrlHandlerMapping  : Mapped URL path [/webjars/**] onto handler of type [class org.springframework.web.servlet.resource.ResourceHttpRequestHandler]
2017-08-08 09:56:53.540  INFO 8484 --- [main] o.s.w.s.handler.SimpleUrlHandlerMapping  : Mapped URL path [/**] onto handler of type [class org.springframework.web.servlet.resource.ResourceHttpRequestHandler]
2017-08-08 09:56:53.571  INFO 8484 --- [main] o.s.w.s.handler.SimpleUrlHandlerMapping  : Mapped URL path [/**/favicon.ico] onto handler of type [class org.springframework.web.servlet.resource.ResourceHttpRequestHandler]
2017-08-08 09:56:53.686  INFO 8484 --- [main] com.stanley.DemoServiceTest              : Started DemoServiceTest in 1.938 seconds (JVM running for 2.484)
2017-08-08 09:56:53.718  INFO 8484 --- [Thread-2] o.s.w.c.s.GenericWebApplicationContext   : Closing org.springframework.web.context.support.GenericWebApplicationContext@22ef9844: startup date [Tue Aug 08 09:56:52 CST 2017]; root of context hierarchy
2017-08-08 10:01:50.914  INFO 8348 --- [main] com.stanley.DemoApplicationTests         : Starting DemoApplicationTests on QH-20170313ATDG with PID 8348 (started by Administrator in E:\workspace_idea\iot-platform\demo)
2017-08-08 10:01:50.916  INFO 8348 --- [main] com.stanley.DemoApplicationTests         : No active profile set, falling back to default profiles: default
2017-08-08 10:01:50.956  INFO 8348 --- [main] o.s.w.c.s.GenericWebApplicationContext   : Refreshing org.springframework.web.context.support.GenericWebApplicationContext@5acf93bb: startup date [Tue Aug 08 10:01:50 CST 2017]; root of context hierarchy
2017-08-08 10:01:52.176  INFO 8348 --- [main] s.w.s.m.m.a.RequestMappingHandlerAdapter : Looking for @ControllerAdvice: org.springframework.web.context.support.GenericWebApplicationContext@5acf93bb: startup date [Tue Aug 08 10:01:50 CST 2017]; root of context hierarchy
2017-08-08 10:01:52.230  INFO 8348 --- [main] s.w.s.m.m.a.RequestMappingHandlerMapping : Mapped "{[/demo]}" onto public java.lang.String com.stanley.DemoController.demo(java.lang.String)
2017-08-08 10:01:52.232  INFO 8348 --- [main] s.w.s.m.m.a.RequestMappingHandlerMapping : Mapped "{[/error]}" onto public org.springframework.http.ResponseEntity<java.util.Map<java.lang.String, java.lang.Object>> org.springframework.boot.autoconfigure.web.BasicErrorController.error(javax.servlet.http.HttpServletRequest)
2017-08-08 10:01:52.233  INFO 8348 --- [main] s.w.s.m.m.a.RequestMappingHandlerMapping : Mapped "{[/error],produces=[text/html]}" onto public org.springframework.web.servlet.ModelAndView org.springframework.boot.autoconfigure.web.BasicErrorController.errorHtml(javax.servlet.http.HttpServletRequest,javax.servlet.http.HttpServletResponse)
2017-08-08 10:01:52.252  INFO 8348 --- [main] o.s.w.s.handler.SimpleUrlHandlerMapping  : Mapped URL path [/webjars/**] onto handler of type [class org.springframework.web.servlet.resource.ResourceHttpRequestHandler]
2017-08-08 10:01:52.253  INFO 8348 --- [main] o.s.w.s.handler.SimpleUrlHandlerMapping  : Mapped URL path [/**] onto handler of type [class org.springframework.web.servlet.resource.ResourceHttpRequestHandler]
2017-08-08 10:01:52.284  INFO 8348 --- [main] o.s.w.s.handler.SimpleUrlHandlerMapping  : Mapped URL path [/**/favicon.ico] onto handler of type [class org.springframework.web.servlet.resource.ResourceHttpRequestHandler]
2017-08-08 10:01:52.408  INFO 8348 --- [main] com.stanley.DemoApplicationTests         : Started DemoApplicationTests in 1.808 seconds (JVM running for 2.304)
2017-08-08 10:01:52.449  INFO 8348 --- [main] o.s.b.t.m.w.SpringBootMockServletContext : Initializing Spring FrameworkServlet ''
2017-08-08 10:01:52.450  INFO 8348 --- [main] o.s.t.web.servlet.TestDispatcherServlet  : FrameworkServlet '': initialization started
2017-08-08 10:01:52.461  INFO 8348 --- [main] o.s.t.web.servlet.TestDispatcherServlet  : FrameworkServlet '': initialization completed in 11 ms
2017-08-08 10:01:52.522  INFO 8348 --- [Thread-2] o.s.w.c.s.GenericWebApplicationContext   : Closing org.springframework.web.context.support.GenericWebApplicationContext@5acf93bb: startup date [Tue Aug 08 10:01:50 CST 2017]; root of context hierarchy
2017-08-08 10:02:05.970  INFO 4164 --- [main] com.stanley.DemoApplicationTests         : Starting DemoApplicationTests on QH-20170313ATDG with PID 4164 (started by Administrator in E:\workspace_idea\iot-platform\demo)
2017-08-08 10:02:05.971  INFO 4164 --- [main] com.stanley.DemoApplicationTests         : No active profile set, falling back to default profiles: default
2017-08-08 10:02:06.010  INFO 4164 --- [main] o.s.w.c.s.GenericWebApplicationContext   : Refreshing org.springframework.web.context.support.GenericWebApplicationContext@7c24b813: startup date [Tue Aug 08 10:02:06 CST 2017]; root of context hierarchy
2017-08-08 10:02:07.337  INFO 4164 --- [main] s.w.s.m.m.a.RequestMappingHandlerAdapter : Looking for @ControllerAdvice: org.springframework.web.context.support.GenericWebApplicationContext@7c24b813: startup date [Tue Aug 08 10:02:06 CST 2017]; root of context hierarchy
2017-08-08 10:02:07.396  INFO 4164 --- [main] s.w.s.m.m.a.RequestMappingHandlerMapping : Mapped "{[/demo]}" onto public java.lang.String com.stanley.DemoController.demo(java.lang.String)
2017-08-08 10:02:07.399  INFO 4164 --- [main] s.w.s.m.m.a.RequestMappingHandlerMapping : Mapped "{[/error]}" onto public org.springframework.http.ResponseEntity<java.util.Map<java.lang.String, java.lang.Object>> org.springframework.boot.autoconfigure.web.BasicErrorController.error(javax.servlet.http.HttpServletRequest)
2017-08-08 10:02:07.399  INFO 4164 --- [main] s.w.s.m.m.a.RequestMappingHandlerMapping : Mapped "{[/error],produces=[text/html]}" onto public org.springframework.web.servlet.ModelAndView org.springframework.boot.autoconfigure.web.BasicErrorController.errorHtml(javax.servlet.http.HttpServletRequest,javax.servlet.http.HttpServletResponse)
2017-08-08 10:02:07.418  INFO 4164 --- [main] o.s.w.s.handler.SimpleUrlHandlerMapping  : Mapped URL path [/webjars/**] onto handler of type [class org.springframework.web.servlet.resource.ResourceHttpRequestHandler]
2017-08-08 10:02:07.419  INFO 4164 --- [main] o.s.w.s.handler.SimpleUrlHandlerMapping  : Mapped URL path [/**] onto handler of type [class org.springframework.web.servlet.resource.ResourceHttpRequestHandler]
2017-08-08 10:02:07.473  INFO 4164 --- [main] o.s.w.s.handler.SimpleUrlHandlerMapping  : Mapped URL path [/**/favicon.ico] onto handler of type [class org.springframework.web.servlet.resource.ResourceHttpRequestHandler]
2017-08-08 10:02:07.593  INFO 4164 --- [main] com.stanley.DemoApplicationTests         : Started DemoApplicationTests in 1.937 seconds (JVM running for 2.453)
2017-08-08 10:02:07.630  INFO 4164 --- [main] o.s.b.t.m.w.SpringBootMockServletContext : Initializing Spring FrameworkServlet ''
2017-08-08 10:02:07.630  INFO 4164 --- [main] o.s.t.web.servlet.TestDispatcherServlet  : FrameworkServlet '': initialization started
2017-08-08 10:02:07.641  INFO 4164 --- [main] o.s.t.web.servlet.TestDispatcherServlet  : FrameworkServlet '': initialization completed in 11 ms
2017-08-08 10:02:07.681  INFO 4164 --- [Thread-2] o.s.w.c.s.GenericWebApplicationContext   : Closing org.springframework.web.context.support.GenericWebApplicationContext@7c24b813: startup date [Tue Aug 08 10:02:06 CST 2017]; root of context hierarchy
2017-08-08 10:03:15.869  INFO 8700 --- [main] com.stanley.DemoApplicationTests         : Starting DemoApplicationTests on QH-20170313ATDG with PID 8700 (started by Administrator in E:\workspace_idea\iot-platform\demo)
2017-08-08 10:03:15.870  INFO 8700 --- [main] com.stanley.DemoApplicationTests         : No active profile set, falling back to default profiles: default
2017-08-08 10:03:15.942  INFO 8700 --- [main] o.s.w.c.s.GenericWebApplicationContext   : Refreshing org.springframework.web.context.support.GenericWebApplicationContext@7c24b813: startup date [Tue Aug 08 10:03:15 CST 2017]; root of context hierarchy
2017-08-08 10:03:17.206  INFO 8700 --- [main] s.w.s.m.m.a.RequestMappingHandlerAdapter : Looking for @ControllerAdvice: org.springframework.web.context.support.GenericWebApplicationContext@7c24b813: startup date [Tue Aug 08 10:03:15 CST 2017]; root of context hierarchy
2017-08-08 10:03:17.283  INFO 8700 --- [main] s.w.s.m.m.a.RequestMappingHandlerMapping : Mapped "{[/demo]}" onto public java.lang.String com.stanley.DemoController.demo(java.lang.String)
2017-08-08 10:03:17.285  INFO 8700 --- [main] s.w.s.m.m.a.RequestMappingHandlerMapping : Mapped "{[/error]}" onto public org.springframework.http.ResponseEntity<java.util.Map<java.lang.String, java.lang.Object>> org.springframework.boot.autoconfigure.web.BasicErrorController.error(javax.servlet.http.HttpServletRequest)
2017-08-08 10:03:17.286  INFO 8700 --- [main] s.w.s.m.m.a.RequestMappingHandlerMapping : Mapped "{[/error],produces=[text/html]}" onto public org.springframework.web.servlet.ModelAndView org.springframework.boot.autoconfigure.web.BasicErrorController.errorHtml(javax.servlet.http.HttpServletRequest,javax.servlet.http.HttpServletResponse)
2017-08-08 10:03:17.311  INFO 8700 --- [main] o.s.w.s.handler.SimpleUrlHandlerMapping  : Mapped URL path [/webjars/**] onto handler of type [class org.springframework.web.servlet.resource.ResourceHttpRequestHandler]
2017-08-08 10:03:17.311  INFO 8700 --- [main] o.s.w.s.handler.SimpleUrlHandlerMapping  : Mapped URL path [/**] onto handler of type [class org.springframework.web.servlet.resource.ResourceHttpRequestHandler]
2017-08-08 10:03:17.341  INFO 8700 --- [main] o.s.w.s.handler.SimpleUrlHandlerMapping  : Mapped URL path [/**/favicon.ico] onto handler of type [class org.springframework.web.servlet.resource.ResourceHttpRequestHandler]
2017-08-08 10:03:17.447  INFO 8700 --- [main] com.stanley.DemoApplicationTests         : Started DemoApplicationTests in 1.93 seconds (JVM running for 2.438)
2017-08-08 10:03:17.487  INFO 8700 --- [main] o.s.b.t.m.w.SpringBootMockServletContext : Initializing Spring FrameworkServlet ''
2017-08-08 10:03:17.487  INFO 8700 --- [main] o.s.t.web.servlet.TestDispatcherServlet  : FrameworkServlet '': initialization started
2017-08-08 10:03:17.500  INFO 8700 --- [main] o.s.t.web.servlet.TestDispatcherServlet  : FrameworkServlet '': initialization completed in 13 ms
2017-08-08 10:03:17.539  INFO 8700 --- [Thread-2] o.s.w.c.s.GenericWebApplicationContext   : Closing org.springframework.web.context.support.GenericWebApplicationContext@7c24b813: startup date [Tue Aug 08 10:03:15 CST 2017]; root of context hierarchy
2017-08-08 10:03:55.377  INFO 8300 --- [main] com.stanley.DemoApplicationTests         : Starting DemoApplicationTests on QH-20170313ATDG with PID 8300 (started by Administrator in E:\workspace_idea\iot-platform\demo)
2017-08-08 10:03:55.379  INFO 8300 --- [main] com.stanley.DemoApplicationTests         : No active profile set, falling back to default profiles: default
2017-08-08 10:03:55.419  INFO 8300 --- [main] o.s.w.c.s.GenericWebApplicationContext   : Refreshing org.springframework.web.context.support.GenericWebApplicationContext@7c24b813: startup date [Tue Aug 08 10:03:55 CST 2017]; root of context hierarchy
2017-08-08 10:03:56.747  INFO 8300 --- [main] s.w.s.m.m.a.RequestMappingHandlerAdapter : Looking for @ControllerAdvice: org.springframework.web.context.support.GenericWebApplicationContext@7c24b813: startup date [Tue Aug 08 10:03:55 CST 2017]; root of context hierarchy
2017-08-08 10:03:56.803  INFO 8300 --- [main] s.w.s.m.m.a.RequestMappingHandlerMapping : Mapped "{[/demo]}" onto public java.lang.String com.stanley.DemoController.demo(java.lang.String)
2017-08-08 10:03:56.805  INFO 8300 --- [main] s.w.s.m.m.a.RequestMappingHandlerMapping : Mapped "{[/error]}" onto public org.springframework.http.ResponseEntity<java.util.Map<java.lang.String, java.lang.Object>> org.springframework.boot.autoconfigure.web.BasicErrorController.error(javax.servlet.http.HttpServletRequest)
2017-08-08 10:03:56.806  INFO 8300 --- [main] s.w.s.m.m.a.RequestMappingHandlerMapping : Mapped "{[/error],produces=[text/html]}" onto public org.springframework.web.servlet.ModelAndView org.springframework.boot.autoconfigure.web.BasicErrorController.errorHtml(javax.servlet.http.HttpServletRequest,javax.servlet.http.HttpServletResponse)
2017-08-08 10:03:56.832  INFO 8300 --- [main] o.s.w.s.handler.SimpleUrlHandlerMapping  : Mapped URL path [/webjars/**] onto handler of type [class org.springframework.web.servlet.resource.ResourceHttpRequestHandler]
2017-08-08 10:03:56.832  INFO 8300 --- [main] o.s.w.s.handler.SimpleUrlHandlerMapping  : Mapped URL path [/**] onto handler of type [class org.springframework.web.servlet.resource.ResourceHttpRequestHandler]
2017-08-08 10:03:56.862  INFO 8300 --- [main] o.s.w.s.handler.SimpleUrlHandlerMapping  : Mapped URL path [/**/favicon.ico] onto handler of type [class org.springframework.web.servlet.resource.ResourceHttpRequestHandler]
2017-08-08 10:03:56.985  INFO 8300 --- [main] com.stanley.DemoApplicationTests         : Started DemoApplicationTests in 1.887 seconds (JVM running for 2.412)
2017-08-08 10:03:57.027  INFO 8300 --- [main] o.s.b.t.m.w.SpringBootMockServletContext : Initializing Spring FrameworkServlet ''
2017-08-08 10:03:57.027  INFO 8300 --- [main] o.s.t.web.servlet.TestDispatcherServlet  : FrameworkServlet '': initialization started
2017-08-08 10:03:57.040  INFO 8300 --- [main] o.s.t.web.servlet.TestDispatcherServlet  : FrameworkServlet '': initialization completed in 13 ms
2017-08-08 10:03:57.090  INFO 8300 --- [Thread-2] o.s.w.c.s.GenericWebApplicationContext   : Closing org.springframework.web.context.support.GenericWebApplicationContext@7c24b813: startup date [Tue Aug 08 10:03:55 CST 2017]; root of context hierarchy
2017-08-08 10:04:44.110  INFO 8132 --- [main] com.stanley.DemoApplicationTests         : Starting DemoApplicationTests on QH-20170313ATDG with PID 8132 (started by Administrator in E:\workspace_idea\iot-platform\demo)
2017-08-08 10:04:44.112  INFO 8132 --- [main] com.stanley.DemoApplicationTests         : No active profile set, falling back to default profiles: default
2017-08-08 10:04:44.151  INFO 8132 --- [main] o.s.w.c.s.GenericWebApplicationContext   : Refreshing org.springframework.web.context.support.GenericWebApplicationContext@25fb8912: startup date [Tue Aug 08 10:04:44 CST 2017]; root of context hierarchy
2017-08-08 10:04:45.440  INFO 8132 --- [main] s.w.s.m.m.a.RequestMappingHandlerAdapter : Looking for @ControllerAdvice: org.springframework.web.context.support.GenericWebApplicationContext@25fb8912: startup date [Tue Aug 08 10:04:44 CST 2017]; root of context hierarchy
2017-08-08 10:04:45.502  INFO 8132 --- [main] s.w.s.m.m.a.RequestMappingHandlerMapping : Mapped "{[/demo]}" onto public java.lang.String com.stanley.DemoController.demo(java.lang.String)
2017-08-08 10:04:45.504  INFO 8132 --- [main] s.w.s.m.m.a.RequestMappingHandlerMapping : Mapped "{[/error]}" onto public org.springframework.http.ResponseEntity<java.util.Map<java.lang.String, java.lang.Object>> org.springframework.boot.autoconfigure.web.BasicErrorController.error(javax.servlet.http.HttpServletRequest)
2017-08-08 10:04:45.505  INFO 8132 --- [main] s.w.s.m.m.a.RequestMappingHandlerMapping : Mapped "{[/error],produces=[text/html]}" onto public org.springframework.web.servlet.ModelAndView org.springframework.boot.autoconfigure.web.BasicErrorController.errorHtml(javax.servlet.http.HttpServletRequest,javax.servlet.http.HttpServletResponse)
2017-08-08 10:04:45.525  INFO 8132 --- [main] o.s.w.s.handler.SimpleUrlHandlerMapping  : Mapped URL path [/webjars/**] onto handler of type [class org.springframework.web.servlet.resource.ResourceHttpRequestHandler]
2017-08-08 10:04:45.525  INFO 8132 --- [main] o.s.w.s.handler.SimpleUrlHandlerMapping  : Mapped URL path [/**] onto handler of type [class org.springframework.web.servlet.resource.ResourceHttpRequestHandler]
2017-08-08 10:04:45.561  INFO 8132 --- [main] o.s.w.s.handler.SimpleUrlHandlerMapping  : Mapped URL path [/**/favicon.ico] onto handler of type [class org.springframework.web.servlet.resource.ResourceHttpRequestHandler]
2017-08-08 10:04:45.679  INFO 8132 --- [main] com.stanley.DemoApplicationTests         : Started DemoApplicationTests in 1.968 seconds (JVM running for 2.476)
2017-08-08 10:04:45.720  INFO 8132 --- [main] o.s.b.t.m.w.SpringBootMockServletContext : Initializing Spring FrameworkServlet ''
2017-08-08 10:04:45.720  INFO 8132 --- [main] o.s.t.web.servlet.TestDispatcherServlet  : FrameworkServlet '': initialization started
2017-08-08 10:04:45.733  INFO 8132 --- [main] o.s.t.web.servlet.TestDispatcherServlet  : FrameworkServlet '': initialization completed in 13 ms
2017-08-08 10:04:45.769  INFO 8132 --- [Thread-2] o.s.w.c.s.GenericWebApplicationContext   : Closing org.springframework.web.context.support.GenericWebApplicationContext@25fb8912: startup date [Tue Aug 08 10:04:44 CST 2017]; root of context hierarchy
2017-08-08 10:12:19.697  INFO 7440 --- [main] com.stanley.DemoApplicationTests         : Starting DemoApplicationTests on QH-20170313ATDG with PID 7440 (started by Administrator in E:\workspace_idea\iot-platform\demo)
2017-08-08 10:12:19.698  INFO 7440 --- [main] com.stanley.DemoApplicationTests         : No active profile set, falling back to default profiles: default
2017-08-08 10:12:19.735  INFO 7440 --- [main] o.s.w.c.s.GenericWebApplicationContext   : Refreshing org.springframework.web.context.support.GenericWebApplicationContext@7c24b813: startup date [Tue Aug 08 10:12:19 CST 2017]; root of context hierarchy
2017-08-08 10:12:20.942  INFO 7440 --- [main] s.w.s.m.m.a.RequestMappingHandlerAdapter : Looking for @ControllerAdvice: org.springframework.web.context.support.GenericWebApplicationContext@7c24b813: startup date [Tue Aug 08 10:12:19 CST 2017]; root of context hierarchy
2017-08-08 10:12:20.999  INFO 7440 --- [main] s.w.s.m.m.a.RequestMappingHandlerMapping : Mapped "{[/demo]}" onto public java.lang.String com.stanley.DemoController.demo(java.lang.String)
2017-08-08 10:12:21.003  INFO 7440 --- [main] s.w.s.m.m.a.RequestMappingHandlerMapping : Mapped "{[/error]}" onto public org.springframework.http.ResponseEntity<java.util.Map<java.lang.String, java.lang.Object>> org.springframework.boot.autoconfigure.web.BasicErrorController.error(javax.servlet.http.HttpServletRequest)
2017-08-08 10:12:21.003  INFO 7440 --- [main] s.w.s.m.m.a.RequestMappingHandlerMapping : Mapped "{[/error],produces=[text/html]}" onto public org.springframework.web.servlet.ModelAndView org.springframework.boot.autoconfigure.web.BasicErrorController.errorHtml(javax.servlet.http.HttpServletRequest,javax.servlet.http.HttpServletResponse)
2017-08-08 10:12:21.026  INFO 7440 --- [main] o.s.w.s.handler.SimpleUrlHandlerMapping  : Mapped URL path [/webjars/**] onto handler of type [class org.springframework.web.servlet.resource.ResourceHttpRequestHandler]
2017-08-08 10:12:21.027  INFO 7440 --- [main] o.s.w.s.handler.SimpleUrlHandlerMapping  : Mapped URL path [/**] onto handler of type [class org.springframework.web.servlet.resource.ResourceHttpRequestHandler]
2017-08-08 10:12:21.063  INFO 7440 --- [main] o.s.w.s.handler.SimpleUrlHandlerMapping  : Mapped URL path [/**/favicon.ico] onto handler of type [class org.springframework.web.servlet.resource.ResourceHttpRequestHandler]
2017-08-08 10:12:21.185  INFO 7440 --- [main] com.stanley.DemoApplicationTests         : Started DemoApplicationTests in 1.943 seconds (JVM running for 2.46)
2017-08-08 10:12:21.218  INFO 7440 --- [main] o.s.b.t.m.w.SpringBootMockServletContext : Initializing Spring FrameworkServlet ''
2017-08-08 10:12:21.219  INFO 7440 --- [main] o.s.t.web.servlet.TestDispatcherServlet  : FrameworkServlet '': initialization started
2017-08-08 10:12:21.228  INFO 7440 --- [main] o.s.t.web.servlet.TestDispatcherServlet  : FrameworkServlet '': initialization completed in 9 ms
2017-08-08 10:12:21.267  INFO 7440 --- [Thread-2] o.s.w.c.s.GenericWebApplicationContext   : Closing org.springframework.web.context.support.GenericWebApplicationContext@7c24b813: startup date [Tue Aug 08 10:12:19 CST 2017]; root of context hierarchy
2017-08-08 10:13:03.557  INFO 8792 --- [main] com.stanley.DemoApplicationTests         : Starting DemoApplicationTests on QH-20170313ATDG with PID 8792 (started by Administrator in E:\workspace_idea\iot-platform\demo)
2017-08-08 10:13:03.558  INFO 8792 --- [main] com.stanley.DemoApplicationTests         : No active profile set, falling back to default profiles: default
2017-08-08 10:13:03.595  INFO 8792 --- [main] o.s.w.c.s.GenericWebApplicationContext   : Refreshing org.springframework.web.context.support.GenericWebApplicationContext@7c24b813: startup date [Tue Aug 08 10:13:03 CST 2017]; root of context hierarchy
2017-08-08 10:13:04.889  INFO 8792 --- [main] s.w.s.m.m.a.RequestMappingHandlerAdapter : Looking for @ControllerAdvice: org.springframework.web.context.support.GenericWebApplicationContext@7c24b813: startup date [Tue Aug 08 10:13:03 CST 2017]; root of context hierarchy
2017-08-08 10:13:04.949  INFO 8792 --- [main] s.w.s.m.m.a.RequestMappingHandlerMapping : Mapped "{[/demo]}" onto public java.lang.String com.stanley.DemoController.demo(java.lang.String)
2017-08-08 10:13:04.952  INFO 8792 --- [main] s.w.s.m.m.a.RequestMappingHandlerMapping : Mapped "{[/error]}" onto public org.springframework.http.ResponseEntity<java.util.Map<java.lang.String, java.lang.Object>> org.springframework.boot.autoconfigure.web.BasicErrorController.error(javax.servlet.http.HttpServletRequest)
2017-08-08 10:13:04.952  INFO 8792 --- [main] s.w.s.m.m.a.RequestMappingHandlerMapping : Mapped "{[/error],produces=[text/html]}" onto public org.springframework.web.servlet.ModelAndView org.springframework.boot.autoconfigure.web.BasicErrorController.errorHtml(javax.servlet.http.HttpServletRequest,javax.servlet.http.HttpServletResponse)
2017-08-08 10:13:04.974  INFO 8792 --- [main] o.s.w.s.handler.SimpleUrlHandlerMapping  : Mapped URL path [/webjars/**] onto handler of type [class org.springframework.web.servlet.resource.ResourceHttpRequestHandler]
2017-08-08 10:13:04.975  INFO 8792 --- [main] o.s.w.s.handler.SimpleUrlHandlerMapping  : Mapped URL path [/**] onto handler of type [class org.springframework.web.servlet.resource.ResourceHttpRequestHandler]
2017-08-08 10:13:05.009  INFO 8792 --- [main] o.s.w.s.handler.SimpleUrlHandlerMapping  : Mapped URL path [/**/favicon.ico] onto handler of type [class org.springframework.web.servlet.resource.ResourceHttpRequestHandler]
2017-08-08 10:13:05.138  INFO 8792 --- [main] com.stanley.DemoApplicationTests         : Started DemoApplicationTests in 1.894 seconds (JVM running for 2.421)
2017-08-08 10:13:05.188  INFO 8792 --- [main] o.s.b.t.m.w.SpringBootMockServletContext : Initializing Spring FrameworkServlet ''
2017-08-08 10:13:05.188  INFO 8792 --- [main] o.s.t.web.servlet.TestDispatcherServlet  : FrameworkServlet '': initialization started
2017-08-08 10:13:05.201  INFO 8792 --- [main] o.s.t.web.servlet.TestDispatcherServlet  : FrameworkServlet '': initialization completed in 13 ms
2017-08-08 10:13:05.262  INFO 8792 --- [Thread-2] o.s.w.c.s.GenericWebApplicationContext   : Closing org.springframework.web.context.support.GenericWebApplicationContext@7c24b813: startup date [Tue Aug 08 10:13:03 CST 2017]; root of context hierarchy
2017-08-08 10:13:16.563  INFO 8748 --- [main] com.stanley.DemoApplicationTests         : Starting DemoApplicationTests on QH-20170313ATDG with PID 8748 (started by Administrator in E:\workspace_idea\iot-platform\demo)
2017-08-08 10:13:16.564  INFO 8748 --- [main] com.stanley.DemoApplicationTests         : No active profile set, falling back to default profiles: default
2017-08-08 10:13:16.604  INFO 8748 --- [main] o.s.w.c.s.GenericWebApplicationContext   : Refreshing org.springframework.web.context.support.GenericWebApplicationContext@5acf93bb: startup date [Tue Aug 08 10:13:16 CST 2017]; root of context hierarchy
2017-08-08 10:13:18.021  INFO 8748 --- [main] s.w.s.m.m.a.RequestMappingHandlerAdapter : Looking for @ControllerAdvice: org.springframework.web.context.support.GenericWebApplicationContext@5acf93bb: startup date [Tue Aug 08 10:13:16 CST 2017]; root of context hierarchy
2017-08-08 10:13:18.080  INFO 8748 --- [main] s.w.s.m.m.a.RequestMappingHandlerMapping : Mapped "{[/demo]}" onto public java.lang.String com.stanley.DemoController.demo(java.lang.String)
2017-08-08 10:13:18.082  INFO 8748 --- [main] s.w.s.m.m.a.RequestMappingHandlerMapping : Mapped "{[/error]}" onto public org.springframework.http.ResponseEntity<java.util.Map<java.lang.String, java.lang.Object>> org.springframework.boot.autoconfigure.web.BasicErrorController.error(javax.servlet.http.HttpServletRequest)
2017-08-08 10:13:18.083  INFO 8748 --- [main] s.w.s.m.m.a.RequestMappingHandlerMapping : Mapped "{[/error],produces=[text/html]}" onto public org.springframework.web.servlet.ModelAndView org.springframework.boot.autoconfigure.web.BasicErrorController.errorHtml(javax.servlet.http.HttpServletRequest,javax.servlet.http.HttpServletResponse)
2017-08-08 10:13:18.109  INFO 8748 --- [main] o.s.w.s.handler.SimpleUrlHandlerMapping  : Mapped URL path [/webjars/**] onto handler of type [class org.springframework.web.servlet.resource.ResourceHttpRequestHandler]
2017-08-08 10:13:18.110  INFO 8748 --- [main] o.s.w.s.handler.SimpleUrlHandlerMapping  : Mapped URL path [/**] onto handler of type [class org.springframework.web.servlet.resource.ResourceHttpRequestHandler]
2017-08-08 10:13:18.139  INFO 8748 --- [main] o.s.w.s.handler.SimpleUrlHandlerMapping  : Mapped URL path [/**/favicon.ico] onto handler of type [class org.springframework.web.servlet.resource.ResourceHttpRequestHandler]
2017-08-08 10:13:18.259  INFO 8748 --- [main] com.stanley.DemoApplicationTests         : Started DemoApplicationTests in 2.038 seconds (JVM running for 2.557)
2017-08-08 10:13:18.293  INFO 8748 --- [main] o.s.b.t.m.w.SpringBootMockServletContext : Initializing Spring FrameworkServlet ''
2017-08-08 10:13:18.293  INFO 8748 --- [main] o.s.t.web.servlet.TestDispatcherServlet  : FrameworkServlet '': initialization started
2017-08-08 10:13:18.301  INFO 8748 --- [main] o.s.t.web.servlet.TestDispatcherServlet  : FrameworkServlet '': initialization completed in 8 ms
2017-08-08 10:13:18.351  INFO 8748 --- [main] o.s.b.t.m.w.SpringBootMockServletContext : Initializing Spring FrameworkServlet ''
2017-08-08 10:13:18.351  INFO 8748 --- [main] o.s.t.web.servlet.TestDispatcherServlet  : FrameworkServlet '': initialization started
2017-08-08 10:13:18.353  INFO 8748 --- [main] o.s.t.web.servlet.TestDispatcherServlet  : FrameworkServlet '': initialization completed in 2 ms
2017-08-08 10:13:18.358  INFO 8748 --- [Thread-2] o.s.w.c.s.GenericWebApplicationContext   : Closing org.springframework.web.context.support.GenericWebApplicationContext@5acf93bb: startup date [Tue Aug 08 10:13:16 CST 2017]; root of context hierarchy
2017-08-08 10:13:28.779  INFO 7636 --- [main] com.stanley.DemoApplicationTests         : Starting DemoApplicationTests on QH-20170313ATDG with PID 7636 (started by Administrator in E:\workspace_idea\iot-platform\demo)
2017-08-08 10:13:28.780  INFO 7636 --- [main] com.stanley.DemoApplicationTests         : No active profile set, falling back to default profiles: default
2017-08-08 10:13:28.818  INFO 7636 --- [main] o.s.w.c.s.GenericWebApplicationContext   : Refreshing org.springframework.web.context.support.GenericWebApplicationContext@5acf93bb: startup date [Tue Aug 08 10:13:28 CST 2017]; root of context hierarchy
2017-08-08 10:13:30.231  INFO 7636 --- [main] s.w.s.m.m.a.RequestMappingHandlerAdapter : Looking for @ControllerAdvice: org.springframework.web.context.support.GenericWebApplicationContext@5acf93bb: startup date [Tue Aug 08 10:13:28 CST 2017]; root of context hierarchy
2017-08-08 10:13:30.288  INFO 7636 --- [main] s.w.s.m.m.a.RequestMappingHandlerMapping : Mapped "{[/demo]}" onto public java.lang.String com.stanley.DemoController.demo(java.lang.String)
2017-08-08 10:13:30.290  INFO 7636 --- [main] s.w.s.m.m.a.RequestMappingHandlerMapping : Mapped "{[/error]}" onto public org.springframework.http.ResponseEntity<java.util.Map<java.lang.String, java.lang.Object>> org.springframework.boot.autoconfigure.web.BasicErrorController.error(javax.servlet.http.HttpServletRequest)
2017-08-08 10:13:30.291  INFO 7636 --- [main] s.w.s.m.m.a.RequestMappingHandlerMapping : Mapped "{[/error],produces=[text/html]}" onto public org.springframework.web.servlet.ModelAndView org.springframework.boot.autoconfigure.web.BasicErrorController.errorHtml(javax.servlet.http.HttpServletRequest,javax.servlet.http.HttpServletResponse)
2017-08-08 10:13:30.308  INFO 7636 --- [main] o.s.w.s.handler.SimpleUrlHandlerMapping  : Mapped URL path [/webjars/**] onto handler of type [class org.springframework.web.servlet.resource.ResourceHttpRequestHandler]
2017-08-08 10:13:30.308  INFO 7636 --- [main] o.s.w.s.handler.SimpleUrlHandlerMapping  : Mapped URL path [/**] onto handler of type [class org.springframework.web.servlet.resource.ResourceHttpRequestHandler]
2017-08-08 10:13:30.339  INFO 7636 --- [main] o.s.w.s.handler.SimpleUrlHandlerMapping  : Mapped URL path [/**/favicon.ico] onto handler of type [class org.springframework.web.servlet.resource.ResourceHttpRequestHandler]
2017-08-08 10:13:30.467  INFO 7636 --- [main] com.stanley.DemoApplicationTests         : Started DemoApplicationTests in 2.005 seconds (JVM running for 2.516)
2017-08-08 10:13:30.500  INFO 7636 --- [main] o.s.b.t.m.w.SpringBootMockServletContext : Initializing Spring FrameworkServlet ''
2017-08-08 10:13:30.500  INFO 7636 --- [main] o.s.t.web.servlet.TestDispatcherServlet  : FrameworkServlet '': initialization started
2017-08-08 10:13:30.509  INFO 7636 --- [main] o.s.t.web.servlet.TestDispatcherServlet  : FrameworkServlet '': initialization completed in 9 ms
2017-08-08 10:13:30.541  INFO 7636 --- [main] o.s.b.t.m.w.SpringBootMockServletContext : Initializing Spring FrameworkServlet ''
2017-08-08 10:13:30.541  INFO 7636 --- [main] o.s.t.web.servlet.TestDispatcherServlet  : FrameworkServlet '': initialization started
2017-08-08 10:13:30.542  INFO 7636 --- [main] o.s.t.web.servlet.TestDispatcherServlet  : FrameworkServlet '': initialization completed in 1 ms
2017-08-08 10:13:30.560  INFO 7636 --- [Thread-2] o.s.w.c.s.GenericWebApplicationContext   : Closing org.springframework.web.context.support.GenericWebApplicationContext@5acf93bb: startup date [Tue Aug 08 10:13:28 CST 2017]; root of context hierarchy
2017-08-08 10:45:45.432  INFO 9088 --- [main] com.stanley.DemoApplicationTests         : Starting DemoApplicationTests on QH-20170313ATDG with PID 9088 (started by Administrator in E:\workspace_idea\iot-platform\demo)
2017-08-08 10:45:45.432  INFO 9088 --- [main] com.stanley.DemoApplicationTests         : No active profile set, falling back to default profiles: default
2017-08-08 10:45:45.463  INFO 9088 --- [main] o.s.w.c.s.GenericWebApplicationContext   : Refreshing org.springframework.web.context.support.GenericWebApplicationContext@5acf93bb: startup date [Tue Aug 08 10:45:45 CST 2017]; root of context hierarchy
2017-08-08 10:45:46.823  INFO 9088 --- [main] s.w.s.m.m.a.RequestMappingHandlerAdapter : Looking for @ControllerAdvice: org.springframework.web.context.support.GenericWebApplicationContext@5acf93bb: startup date [Tue Aug 08 10:45:45 CST 2017]; root of context hierarchy
2017-08-08 10:45:46.892  INFO 9088 --- [main] s.w.s.m.m.a.RequestMappingHandlerMapping : Mapped "{[/demo]}" onto public java.lang.String com.stanley.DemoController.demo(java.lang.String)
2017-08-08 10:45:46.894  INFO 9088 --- [main] s.w.s.m.m.a.RequestMappingHandlerMapping : Mapped "{[/error]}" onto public org.springframework.http.ResponseEntity<java.util.Map<java.lang.String, java.lang.Object>> org.springframework.boot.autoconfigure.web.BasicErrorController.error(javax.servlet.http.HttpServletRequest)
2017-08-08 10:45:46.895  INFO 9088 --- [main] s.w.s.m.m.a.RequestMappingHandlerMapping : Mapped "{[/error],produces=[text/html]}" onto public org.springframework.web.servlet.ModelAndView org.springframework.boot.autoconfigure.web.BasicErrorController.errorHtml(javax.servlet.http.HttpServletRequest,javax.servlet.http.HttpServletResponse)
2017-08-08 10:45:46.913  INFO 9088 --- [main] o.s.w.s.handler.SimpleUrlHandlerMapping  : Mapped URL path [/webjars/**] onto handler of type [class org.springframework.web.servlet.resource.ResourceHttpRequestHandler]
2017-08-08 10:45:46.913  INFO 9088 --- [main] o.s.w.s.handler.SimpleUrlHandlerMapping  : Mapped URL path [/**] onto handler of type [class org.springframework.web.servlet.resource.ResourceHttpRequestHandler]
2017-08-08 10:45:46.946  INFO 9088 --- [main] o.s.w.s.handler.SimpleUrlHandlerMapping  : Mapped URL path [/**/favicon.ico] onto handler of type [class org.springframework.web.servlet.resource.ResourceHttpRequestHandler]
2017-08-08 10:45:47.057  INFO 9088 --- [main] com.stanley.DemoApplicationTests         : Started DemoApplicationTests in 1.925 seconds (JVM running for 2.429)
2017-08-08 10:45:47.088  INFO 9088 --- [main] o.s.b.t.m.w.SpringBootMockServletContext : Initializing Spring FrameworkServlet ''
2017-08-08 10:45:47.088  INFO 9088 --- [main] o.s.t.web.servlet.TestDispatcherServlet  : FrameworkServlet '': initialization started
2017-08-08 10:45:47.114  INFO 9088 --- [main] o.s.t.web.servlet.TestDispatcherServlet  : FrameworkServlet '': initialization completed in 26 ms
2017-08-08 10:45:47.147  INFO 9088 --- [main] o.s.b.t.m.w.SpringBootMockServletContext : Initializing Spring FrameworkServlet ''
2017-08-08 10:45:47.147  INFO 9088 --- [main] o.s.t.web.servlet.TestDispatcherServlet  : FrameworkServlet '': initialization started
2017-08-08 10:45:47.147  INFO 9088 --- [main] o.s.t.web.servlet.TestDispatcherServlet  : FrameworkServlet '': initialization completed in 0 ms
2017-08-08 10:45:47.147  INFO 9088 --- [Thread-2] o.s.w.c.s.GenericWebApplicationContext   : Closing org.springframework.web.context.support.GenericWebApplicationContext@5acf93bb: startup date [Tue Aug 08 10:45:45 CST 2017]; root of context hierarchy
2017-08-08 11:13:05.671  INFO 7904 --- [main] com.stanley.DemoApplicationTests         : Starting DemoApplicationTests on QH-20170313ATDG with PID 7904 (started by Administrator in E:\workspace_idea\iot-platform\demo)
2017-08-08 11:13:05.671  INFO 7904 --- [main] com.stanley.DemoApplicationTests         : No active profile set, falling back to default profiles: default
2017-08-08 11:13:05.718  INFO 7904 --- [main] o.s.w.c.s.GenericWebApplicationContext   : Refreshing org.springframework.web.context.support.GenericWebApplicationContext@260e86a1: startup date [Tue Aug 08 11:13:05 CST 2017]; root of context hierarchy
2017-08-08 11:13:07.219  INFO 7904 --- [main] s.w.s.m.m.a.RequestMappingHandlerAdapter : Looking for @ControllerAdvice: org.springframework.web.context.support.GenericWebApplicationContext@260e86a1: startup date [Tue Aug 08 11:13:05 CST 2017]; root of context hierarchy
2017-08-08 11:13:07.282  INFO 7904 --- [main] s.w.s.m.m.a.RequestMappingHandlerMapping : Mapped "{[/demo]}" onto public java.lang.String com.stanley.DemoController.demo(java.lang.String)
2017-08-08 11:13:07.282  INFO 7904 --- [main] s.w.s.m.m.a.RequestMappingHandlerMapping : Mapped "{[/error]}" onto public org.springframework.http.ResponseEntity<java.util.Map<java.lang.String, java.lang.Object>> org.springframework.boot.autoconfigure.web.BasicErrorController.error(javax.servlet.http.HttpServletRequest)
2017-08-08 11:13:07.282  INFO 7904 --- [main] s.w.s.m.m.a.RequestMappingHandlerMapping : Mapped "{[/error],produces=[text/html]}" onto public org.springframework.web.servlet.ModelAndView org.springframework.boot.autoconfigure.web.BasicErrorController.errorHtml(javax.servlet.http.HttpServletRequest,javax.servlet.http.HttpServletResponse)
2017-08-08 11:13:07.329  INFO 7904 --- [main] o.s.w.s.handler.SimpleUrlHandlerMapping  : Mapped URL path [/webjars/**] onto handler of type [class org.springframework.web.servlet.resource.ResourceHttpRequestHandler]
2017-08-08 11:13:07.329  INFO 7904 --- [main] o.s.w.s.handler.SimpleUrlHandlerMapping  : Mapped URL path [/**] onto handler of type [class org.springframework.web.servlet.resource.ResourceHttpRequestHandler]
2017-08-08 11:13:07.360  INFO 7904 --- [main] o.s.w.s.handler.SimpleUrlHandlerMapping  : Mapped URL path [/**/favicon.ico] onto handler of type [class org.springframework.web.servlet.resource.ResourceHttpRequestHandler]
2017-08-08 11:13:07.593  INFO 7904 --- [main] com.stanley.DemoApplicationTests         : Started DemoApplicationTests in 2.374 seconds (JVM running for 2.989)
2017-08-08 11:13:07.624  INFO 7904 --- [main] o.s.b.t.m.w.SpringBootMockServletContext : Initializing Spring FrameworkServlet ''
2017-08-08 11:13:07.624  INFO 7904 --- [main] o.s.t.web.servlet.TestDispatcherServlet  : FrameworkServlet '': initialization started
2017-08-08 11:13:07.640  INFO 7904 --- [main] o.s.t.web.servlet.TestDispatcherServlet  : FrameworkServlet '': initialization completed in 16 ms
2017-08-08 11:15:22.460  INFO 7904 --- [Thread-2] o.s.w.c.s.GenericWebApplicationContext   : Closing org.springframework.web.context.support.GenericWebApplicationContext@260e86a1: startup date [Tue Aug 08 11:13:05 CST 2017]; root of context hierarchy
2017-08-08 11:15:43.279  INFO 7020 --- [main] com.stanley.DemoApplicationTests         : Starting DemoApplicationTests on QH-20170313ATDG with PID 7020 (started by Administrator in E:\workspace_idea\iot-platform\demo)
2017-08-08 11:15:43.294  INFO 7020 --- [main] com.stanley.DemoApplicationTests         : No active profile set, falling back to default profiles: default
2017-08-08 11:15:43.341  INFO 7020 --- [main] o.s.w.c.s.GenericWebApplicationContext   : Refreshing org.springframework.web.context.support.GenericWebApplicationContext@260e86a1: startup date [Tue Aug 08 11:15:43 CST 2017]; root of context hierarchy
2017-08-08 11:15:44.660  INFO 7020 --- [main] s.w.s.m.m.a.RequestMappingHandlerAdapter : Looking for @ControllerAdvice: org.springframework.web.context.support.GenericWebApplicationContext@260e86a1: startup date [Tue Aug 08 11:15:43 CST 2017]; root of context hierarchy
2017-08-08 11:15:44.707  INFO 7020 --- [main] s.w.s.m.m.a.RequestMappingHandlerMapping : Mapped "{[/demo]}" onto public java.lang.String com.stanley.DemoController.demo(java.lang.String)
2017-08-08 11:15:44.723  INFO 7020 --- [main] s.w.s.m.m.a.RequestMappingHandlerMapping : Mapped "{[/error]}" onto public org.springframework.http.ResponseEntity<java.util.Map<java.lang.String, java.lang.Object>> org.springframework.boot.autoconfigure.web.BasicErrorController.error(javax.servlet.http.HttpServletRequest)
2017-08-08 11:15:44.723  INFO 7020 --- [main] s.w.s.m.m.a.RequestMappingHandlerMapping : Mapped "{[/error],produces=[text/html]}" onto public org.springframework.web.servlet.ModelAndView org.springframework.boot.autoconfigure.web.BasicErrorController.errorHtml(javax.servlet.http.HttpServletRequest,javax.servlet.http.HttpServletResponse)
2017-08-08 11:15:44.738  INFO 7020 --- [main] o.s.w.s.handler.SimpleUrlHandlerMapping  : Mapped URL path [/webjars/**] onto handler of type [class org.springframework.web.servlet.resource.ResourceHttpRequestHandler]
2017-08-08 11:15:44.738  INFO 7020 --- [main] o.s.w.s.handler.SimpleUrlHandlerMapping  : Mapped URL path [/**] onto handler of type [class org.springframework.web.servlet.resource.ResourceHttpRequestHandler]
2017-08-08 11:15:44.785  INFO 7020 --- [main] o.s.w.s.handler.SimpleUrlHandlerMapping  : Mapped URL path [/**/favicon.ico] onto handler of type [class org.springframework.web.servlet.resource.ResourceHttpRequestHandler]
2017-08-08 11:15:45.005  INFO 7020 --- [main] com.stanley.DemoApplicationTests         : Started DemoApplicationTests in 2.172 seconds (JVM running for 2.765)
2017-08-08 11:15:45.036  INFO 7020 --- [main] o.s.b.t.m.w.SpringBootMockServletContext : Initializing Spring FrameworkServlet ''
2017-08-08 11:15:45.036  INFO 7020 --- [main] o.s.t.web.servlet.TestDispatcherServlet  : FrameworkServlet '': initialization started
2017-08-08 11:15:45.052  INFO 7020 --- [main] o.s.t.web.servlet.TestDispatcherServlet  : FrameworkServlet '': initialization completed in 16 ms
2017-08-08 11:16:56.197  INFO 7020 --- [Thread-2] o.s.w.c.s.GenericWebApplicationContext   : Closing org.springframework.web.context.support.GenericWebApplicationContext@260e86a1: startup date [Tue Aug 08 11:15:43 CST 2017]; root of context hierarchy
